<?xml version="1.0" encoding="UTF-8"?>
<testsuite xmlns:xsi="http://www.w3.org/2001/XMLSchema-instance" xsi:noNamespaceSchemaLocation="https://maven.apache.org/surefire/maven-surefire-plugin/xsd/surefire-test-report.xsd" version="3.0.2" name="com.proyecto.ms_carreras.service.CarreraServiceTest" time="1.841" tests="13" errors="0" skipped="0" failures="0" flakes="0">
  <properties>
[...]
</properties>
  <testcase name="estaDisponible_cuandoCarreraNoDisponible_retornaFalse" classname="com.proyecto.ms_carreras.service.CarreraServiceTest" time="1.717">
    <system-out><![CDATA[23:01:56.158 [main] INFO com.proyecto.ms_carreras.service.CarreraService -- [R1] Verificando disponibilidad de carrera: e2521452-c7c5-42c3-91f5-15b17111cc9e
23:01:56.164 [main] INFO com.proyecto.ms_carreras.service.CarreraService -- Buscando carrera por ID: e2521452-c7c5-42c3-91f5-15b17111cc9e
23:01:56.173 [main] INFO com.proyecto.ms_carreras.service.CarreraService -- [R1] Carrera e2521452-c7c5-42c3-91f5-15b17111cc9e disponible=false
]]></system-out>
    <system-err><![CDATA[Mockito is currently self-attaching to enable the inline-mock-maker. This will no longer work in future releases of the JDK. Please add Mockito as an agent to your build as described in Mockito's documentation: https://javadoc.io/doc/org.mockito/mockito-core/latest/org.mockito/org/mockito/Mockito.html#0.3
WARNING: A Java agent has been loaded dynamically (C:\Users\NiiKo\.m2\repository\net\bytebuddy\byte-buddy-agent\1.17.8\byte-buddy-agent-1.17.8.jar)
WARNING: If a serviceability tool is in use, please run with -XX:+EnableDynamicAgentLoading to hide this warning
WARNING: If a serviceability tool is not in use, please run with -Djdk.instrument.traceUsage for more information
WARNING: Dynamic loading of agents will be disallowed by default in a future release
]]></system-err>
  </testcase>
  <testcase name="findAll_retornaListaDeCarreras" classname="com.proyecto.ms_carreras.service.CarreraServiceTest" time="0.034">
    <system-out><![CDATA[23:01:56.369 [main] INFO com.proyecto.ms_carreras.service.CarreraService -- Listando todas las carreras
]]></system-out>
  </testcase>
  <testcase name="delete_cuandoNoExiste_lanzaEntityNotFoundException" classname="com.proyecto.ms_carreras.service.CarreraServiceTest" time="0.009">
    <system-out><![CDATA[23:01:56.405 [main] INFO com.proyecto.ms_carreras.service.CarreraService -- Eliminando carrera ID: 096425c8-08e9-450f-95dd-d5384c1fc383
23:01:56.405 [main] INFO com.proyecto.ms_carreras.service.CarreraService -- Buscando carrera por ID: 096425c8-08e9-450f-95dd-d5384c1fc383
]]></system-out>
  </testcase>
  <testcase name="update_cuandoExiste_actualizaTodosCampos" classname="com.proyecto.ms_carreras.service.CarreraServiceTest" time="0.007">
    <system-out><![CDATA[23:01:56.417 [main] INFO com.proyecto.ms_carreras.service.CarreraService -- Actualizando carrera ID: 7de30fb4-7429-4903-9160-fd0a4ff58683
23:01:56.417 [main] INFO com.proyecto.ms_carreras.service.CarreraService -- Buscando carrera por ID: 7de30fb4-7429-4903-9160-fd0a4ff58683
]]></system-out>
  </testcase>
  <testcase name="estaDisponible_cuandoNoExiste_lanzaEntityNotFoundException" classname="com.proyecto.ms_carreras.service.CarreraServiceTest" time="0.004">
    <system-out><![CDATA[23:01:56.422 [main] INFO com.proyecto.ms_carreras.service.CarreraService -- [R1] Verificando disponibilidad de carrera: 20ec0f6a-b5ac-4297-84dc-b08463dda28a
23:01:56.422 [main] INFO com.proyecto.ms_carreras.service.CarreraService -- Buscando carrera por ID: 20ec0f6a-b5ac-4297-84dc-b08463dda28a
]]></system-out>
  </testcase>
  <testcase name="create_carreraNueva_quedaDisponiblePorDefecto" classname="com.proyecto.ms_carreras.service.CarreraServiceTest" time="0.003">
    <system-out><![CDATA[23:01:56.426 [main] INFO com.proyecto.ms_carreras.service.CarreraService -- Creando carrera: Ingeniería Civil
23:01:56.427 [main] INFO com.proyecto.ms_carreras.service.CarreraService -- Carrera creada con ID: null
]]></system-out>
  </testcase>
  <testcase name="findById_cuandoExiste_retornaCarrera" classname="com.proyecto.ms_carreras.service.CarreraServiceTest" time="0.01">
    <system-out><![CDATA[23:01:56.430 [main] INFO com.proyecto.ms_carreras.service.CarreraService -- Buscando carrera por ID: b763c673-cd5d-4f57-8aa9-18704a8a1d39
]]></system-out>
  </testcase>
  <testcase name="findById_cuandoNoExiste_lanzaEntityNotFoundException" classname="com.proyecto.ms_carreras.service.CarreraServiceTest" time="0.003">
    <system-out><![CDATA[23:01:56.441 [main] INFO com.proyecto.ms_carreras.service.CarreraService -- Buscando carrera por ID: f9fc2716-e165-445b-95e4-b530460923b6
]]></system-out>
  </testcase>
  <testcase name="update_cuandoNoExiste_lanzaEntityNotFoundException" classname="com.proyecto.ms_carreras.service.CarreraServiceTest" time="0.003">
    <system-out><![CDATA[23:01:56.444 [main] INFO com.proyecto.ms_carreras.service.CarreraService -- Actualizando carrera ID: cb79dfe9-95d6-4e6d-aa4e-b8f460b80af7
23:01:56.445 [main] INFO com.proyecto.ms_carreras.service.CarreraService -- Buscando carrera por ID: cb79dfe9-95d6-4e6d-aa4e-b8f460b80af7
]]></system-out>
  </testcase>
  <testcase name="estaDisponible_cuandoCarreraDisponible_retornaTrue" classname="com.proyecto.ms_carreras.service.CarreraServiceTest" time="0.002">
    <system-out><![CDATA[23:01:56.448 [main] INFO com.proyecto.ms_carreras.service.CarreraService -- [R1] Verificando disponibilidad de carrera: 665e20e3-9538-4a58-aa48-99c9c817bdf2
23:01:56.448 [main] INFO com.proyecto.ms_carreras.service.CarreraService -- Buscando carrera por ID: 665e20e3-9538-4a58-aa48-99c9c817bdf2
23:01:56.448 [main] INFO com.proyecto.ms_carreras.service.CarreraService -- [R1] Carrera 665e20e3-9538-4a58-aa48-99c9c817bdf2 disponible=true
]]></system-out>
  </testcase>
  <testcase name="cambiarDisponibilidad_actualizaFlagYPersiste" classname="com.proyecto.ms_carreras.service.CarreraServiceTest" time="0.004">
    <system-out><![CDATA[23:01:56.452 [main] INFO com.proyecto.ms_carreras.service.CarreraService -- Cambiando disponibilidad de carrera 446c00a2-4602-4419-8bb3-61de95e85858 a false
23:01:56.452 [main] INFO com.proyecto.ms_carreras.service.CarreraService -- Buscando carrera por ID: 446c00a2-4602-4419-8bb3-61de95e85858
]]></system-out>
  </testcase>
  <testcase name="create_mapeaCorrectamenteTodosCamposYGuarda" classname="com.proyecto.ms_carreras.service.CarreraServiceTest" time="0.003">
    <system-out><![CDATA[23:01:56.455 [main] INFO com.proyecto.ms_carreras.service.CarreraService -- Creando carrera: Derecho
23:01:56.455 [main] INFO com.proyecto.ms_carreras.service.CarreraService -- Carrera creada con ID: a83d1185-db60-4884-9119-e4d5f7bd90a2
]]></system-out>
  </testcase>
  <testcase name="delete_cuandoExiste_eliminaCarrera" classname="com.proyecto.ms_carreras.service.CarreraServiceTest" time="0.004">
    <system-out><![CDATA[23:01:56.459 [main] INFO com.proyecto.ms_carreras.service.CarreraService -- Eliminando carrera ID: 24ff98c6-f595-45b8-9723-615699d92431
23:01:56.459 [main] INFO com.proyecto.ms_carreras.service.CarreraService -- Buscando carrera por ID: 24ff98c6-f595-45b8-9723-615699d92431
23:01:56.459 [main] INFO com.proyecto.ms_carreras.service.CarreraService -- Carrera eliminada, ID: 24ff98c6-f595-45b8-9723-615699d92431
]]></system-out>
  </testcase>
</testsuite>