<?xml version="1.0" encoding="UTF-8"?>
<testsuite xmlns:xsi="http://www.w3.org/2001/XMLSchema-instance" xsi:noNamespaceSchemaLocation="https://maven.apache.org/surefire/maven-surefire-plugin/xsd/surefire-test-report.xsd" version="3.0.2" name="com.proyecto.ms_estudiante.service.EstudianteServiceTest" time="6.546" tests="17" errors="0" skipped="0" failures="0" flakes="0">
  <properties>
[...]
</properties>
  <testcase name="findById_cuandoExiste_retornaEstudiante" classname="com.proyecto.ms_estudiante.service.EstudianteServiceTest" time="5.997">
    <system-err><![CDATA[Mockito is currently self-attaching to enable the inline-mock-maker. This will no longer work in future releases of the JDK. Please add Mockito as an agent to your build as described in Mockito's documentation: https://javadoc.io/doc/org.mockito/mockito-core/latest/org.mockito/org/mockito/Mockito.html#0.3
WARNING: A Java agent has been loaded dynamically (C:\Users\delirioporuncafe\.m2\repository\net\bytebuddy\byte-buddy-agent\1.17.8\byte-buddy-agent-1.17.8.jar)
WARNING: If a serviceability tool is in use, please run with -XX:+EnableDynamicAgentLoading to hide this warning
WARNING: If a serviceability tool is not in use, please run with -Djdk.instrument.traceUsage for more information
WARNING: Dynamic loading of agents will be disallowed by default in a future release
]]></system-err>
  </testcase>
  <testcase name="save_cuandoRutDuplicado_lanzaIllegalArgumentException" classname="com.proyecto.ms_estudiante.service.EstudianteServiceTest" time="0.049"/>
  <testcase name="delete_cuandoActivo_marcaComoInactivo" classname="com.proyecto.ms_estudiante.service.EstudianteServiceTest" time="0.042">
    <system-out><![CDATA[09:41:13.058 [main] INFO com.proyecto.ms_estudiante.service.EstudianteService -- Estudiante marcado como INACTIVO, ID 7e1b0705-9a70-4609-860f-cdda2f5f4f08
]]></system-out>
  </testcase>
  <testcase name="puedeMatricular_cuandoActivo_retornaTrue" classname="com.proyecto.ms_estudiante.service.EstudianteServiceTest" time="0.01"/>
  <testcase name="findByRut_cuandoNoExiste_lanzaEntityNotFoundException" classname="com.proyecto.ms_estudiante.service.EstudianteServiceTest" time="0.01"/>
  <testcase name="update_cuandoInactivo_lanzaIllegalStateException" classname="com.proyecto.ms_estudiante.service.EstudianteServiceTest" time="0.011"/>
  <testcase name="delete_cuandoYaInactivo_lanzaIllegalStateException" classname="com.proyecto.ms_estudiante.service.EstudianteServiceTest" time="0.009"/>
  <testcase name="update_cuandoActivo_actualizaCampos" classname="com.proyecto.ms_estudiante.service.EstudianteServiceTest" time="0.009">
    <system-out><![CDATA[09:41:13.138 [main] INFO com.proyecto.ms_estudiante.service.EstudianteService -- Estudiante actualizado correctamente, ID 8a042ca2-f48c-4406-89e3-9c98c7f48306
]]></system-out>
  </testcase>
  <testcase name="findById_cuandoNoExiste_lanzaEntityNotFoundException" classname="com.proyecto.ms_estudiante.service.EstudianteServiceTest" time="0.011"/>
  <testcase name="puedeMatricular_cuandoInactivo_retornaFalse" classname="com.proyecto.ms_estudiante.service.EstudianteServiceTest" time="0.006"/>
  <testcase name="update_cuandoNuevoEmailEnUso_lanzaIllegalArgumentException" classname="com.proyecto.ms_estudiante.service.EstudianteServiceTest" time="0.005"/>
  <testcase name="obtenerDetalle_conNotasAprobatorias_retornaAprobado" classname="com.proyecto.ms_estudiante.service.EstudianteServiceTest" time="0.039">
    <system-out><![CDATA[09:41:13.192 [main] INFO com.proyecto.ms_estudiante.service.EstudianteService -- Construyendo detalle enriquecido para estudiante 2ea743e2-458a-45b2-92eb-570d11179c7f
09:41:13.193 [main] INFO com.proyecto.ms_estudiante.service.EstudianteService -- ms-notas respondió con 2 notas para estudiante 2ea743e2-458a-45b2-92eb-570d11179c7f
09:41:13.197 [main] INFO com.proyecto.ms_estudiante.service.EstudianteService -- ms-matriculas respondió con 0 matrículas activas para estudiante 2ea743e2-458a-45b2-92eb-570d11179c7f
]]></system-out>
  </testcase>
  <testcase name="findAll_retornaListaEstudiantes" classname="com.proyecto.ms_estudiante.service.EstudianteServiceTest" time="0.04"/>
  <testcase name="findByRut_cuandoExiste_retornaEstudiante" classname="com.proyecto.ms_estudiante.service.EstudianteServiceTest" time="0.027"/>
  <testcase name="save_cuandoEmailDuplicado_lanzaIllegalArgumentException" classname="com.proyecto.ms_estudiante.service.EstudianteServiceTest" time="0.007"/>
  <testcase name="obtenerDetalle_sinNotas_retornaPromediosCero" classname="com.proyecto.ms_estudiante.service.EstudianteServiceTest" time="0.015">
    <system-out><![CDATA[09:41:13.300 [main] INFO com.proyecto.ms_estudiante.service.EstudianteService -- Construyendo detalle enriquecido para estudiante 3d9cf6f5-22b6-4252-99c3-e8d57f796dfb
09:41:13.300 [main] INFO com.proyecto.ms_estudiante.service.EstudianteService -- ms-notas respondió con 0 notas para estudiante 3d9cf6f5-22b6-4252-99c3-e8d57f796dfb
09:41:13.301 [main] INFO com.proyecto.ms_estudiante.service.EstudianteService -- ms-matriculas respondió con 0 matrículas activas para estudiante 3d9cf6f5-22b6-4252-99c3-e8d57f796dfb
]]></system-out>
  </testcase>
  <testcase name="save_caminoFeliz_guardaEstudianteConEstadoActivo" classname="com.proyecto.ms_estudiante.service.EstudianteServiceTest" time="0.013">
    <system-out><![CDATA[09:41:13.319 [main] INFO com.proyecto.ms_estudiante.service.EstudianteService -- Estudiante creado correctamente con ID 3eebe0f2-dcd7-44ea-856a-6d2f4ca78a29 y RUT 12345678-9
]]></system-out>
  </testcase>
</testsuite>