<?xml version="1.0" encoding="UTF-8"?>
<testsuite xmlns:xsi="http://www.w3.org/2001/XMLSchema-instance" xsi:noNamespaceSchemaLocation="https://maven.apache.org/surefire/maven-surefire-plugin/xsd/surefire-test-report.xsd" version="3.0.2" name="com.proyecto.ms_estudiante.MsEstudianteApplicationTests" time="0.019" tests="1" errors="0" skipped="1" failures="0" flakes="0">
  <properties/>
  <testcase name="contextLoads" classname="com.proyecto.ms_estudiante.MsEstudianteApplicationTests" time="0.0">
    <skipped message="Requiere base de datos PostgreSQL activa — se omite en CI sin BD"/>
  </testcase>
</testsuite>